<?xml version="1.0" encoding="UTF-8"?>
<testng-results ignored="0" total="1" passed="1" failed="0" skipped="0">
  <reporter-output>
  </reporter-output>
  <suite started-at="2023-10-30T14:26:38 IST" name="Suite" finished-at="2023-10-30T14:27:00 IST" duration-ms="21974">
    <groups>
    </groups>
    <test started-at="2023-10-30T14:26:38 IST" name="Test" finished-at="2023-10-30T14:27:00 IST" duration-ms="21974">
      <class name="Testcases.TC_001_Login">
        <test-method is-config="true" signature="openApplication()[pri:0, instance:Testcases.TC_001_Login@15a34df2]" started-at="2023-10-30T14:26:39 IST" name="openApplication" finished-at="2023-10-30T14:26:56 IST" duration-ms="17470" status="PASS">
          <reporter-output>
          </reporter-output>
        </test-method> <!-- openApplication -->
        <test-method signature="logintest()[pri:0, instance:Testcases.TC_001_Login@15a34df2]" started-at="2023-10-30T14:26:56 IST" name="logintest" finished-at="2023-10-30T14:26:59 IST" duration-ms="2594" status="PASS">
          <reporter-output>
          </reporter-output>
        </test-method> <!-- logintest -->
        <test-method is-config="true" signature="closeApplication()[pri:0, instance:Testcases.TC_001_Login@15a34df2]" started-at="2023-10-30T14:26:59 IST" name="closeApplication" finished-at="2023-10-30T14:27:00 IST" duration-ms="843" status="PASS">
          <reporter-output>
          </reporter-output>
        </test-method> <!-- closeApplication -->
      </class> <!-- Testcases.TC_001_Login -->
    </test> <!-- Test -->
  </suite> <!-- Suite -->
</testng-results>
